[2019-06-27T14:53:24.453] [INFO] response - { method: 'POST',
  url: '/graphql',
  body: 
   { operationName: 'Login',
     variables: {},
     query: 'mutation Login {\n  login(username: "leenam", password: "123456") {\n    token\n  }\n}\n' },
  costTime: 77,
  response: { status: 200,
     message: 'OK',
     header: 
      { vary: 'Origin',
        'access-control-allow-origin': 'http://localhost:3000',
        'content-type': 'application/json',
        'content-length': '213' },
     body: '{"data":{"login":{"token":"eyJhbGciOiJIUzI1NiIsInR5cCI6IkpXVCJ9.eyJ1c2VybmFtZSI6ImxlZW5hbSIsInBhc3N3b3JkIjoiMTIzNDU2IiwiaWF0IjoxNTYxNjE4NDA0LCJleHAiOjE1NjE2NjE2MDR9.L7nj9ybaOGvbqMJDgZr5Cn_DdyFvcNixHxiater5_jc"}}}\n' } }
[2019-06-27T14:54:05.336] [INFO] response - { method: 'POST',
  url: '/graphql',
  body: 
   { operationName: 'Login',
     variables: {},
     query: 'mutation Login {\n  login(username: "leenam", password: "123456") {\n    token\n  }\n}\n' },
  costTime: 66,
  response: { status: 200,
     message: 'OK',
     header: 
      { vary: 'Origin',
        'access-control-allow-origin': 'http://localhost:3000',
        'content-type': 'application/json',
        'content-length': '213' },
     body: '{"data":{"login":{"token":"eyJhbGciOiJIUzI1NiIsInR5cCI6IkpXVCJ9.eyJ1c2VybmFtZSI6ImxlZW5hbSIsInBhc3N3b3JkIjoiMTIzNDU2IiwiaWF0IjoxNTYxNjE4NDQ1LCJleHAiOjE1NjE2NjE2NDV9.KnyrM2sJ2gA2iNfEFA1V0rjob_TppnYX5T2tcDvINOw"}}}\n' } }
